Arguments: 
  C:\Program Files\nodejs\node.exe C:\Users\USER\AppData\Roaming\npm\node_modules\yarn\bin\yarn.js install

PATH: 
  C:\Program Files\Docker\Docker\resources\bin;C:\Windows\System32;C:\Windows;C:\Windows\System32\wbem;C:\Windows\System32\WindowsPowerShell\v1.0\;C:\Windows\System32\OpenSSH\;C:\Program Files\Git\cmd;C:\Program Files (x86)\GnuWin32\src\wget\bin;C:\Users\USER\AppData\Roaming\Python\Python37\Scripts;C:\Program Files\Microsoft SQL Server\130\Tools\Binn\;C:\Users\USER\AppData\Roaming\npm;C:\Users\USER\go-ipfs;C:\Users\USER\AppData\Local\Google\Cloud SDK\google-cloud-sdk\bin;C:\Users\USER\AppData\Local\Google\Cloud SDK\google-cloud-sdk.staging\bin;C:\Users\USER\AppData\Local\Google\Cloud SDK\google-cloud-sdk\.install\.backup\bin;C:\Program Files (x86)\GnuWin32\bin;C:\Program Files\Intel\WiFi\bin\;C:\Program Files\Common Files\Intel\WirelessCommon\;C:\Program Files\nodejs\;C:\WINDOWS\system32\config\systemprofile\.dnx\bin;C:\Program Files\Microsoft DNX\Dnvm\;C:\Program Files\Microsoft SQL Server\120\Tools\Binn\;C:\Program Files (x86)\Pulse Secure\VC142.CRT\X64\;C:\Program Files (x86)\Pulse Secure\VC142.CRT\X86\;C:\WINDOWS\system32;C:\WINDOWS;C:\WINDOWS\System32\Wbem;C:\WINDOWS\System32\WindowsPowerShell\v1.0\;C:\WINDOWS\System32\OpenSSH\;D:\Programs\bin\;C:\Program Files\Go\bin;c:\Program Files (x86)\Intel\Intel(R) Management Engine Components\DAL;c:\Program Files\Intel\Intel(R) Management Engine Components\DAL;C:\Users\USER\AppData\Local\Programs\Python\Python37-32\;C:\Users\USER\.windows-build-tools\python27\;C:\Program Files (x86)\Common Files\Oracle\Java\javapath;C:\Windows\system32;C:\Windows;C:\Windows\System32\Wbem;C:\Windows\System32\WindowsPowerShell\v1.0\;C:\Windows\System32\OpenSSH\;C:\Program Files\nodejs\;C:\Program Files\Git\cmd;C:\Program Files (x86)\Gpg4win\..\GnuPG\bin;C:\Program Files\Intel\WiFi\bin\;C:\Program Files\Common Files\Intel\WirelessCommon\;C:\Program Files\MATLAB\R2019a\bin;C:\Program Files (x86)\Intel\Intel(R) Management Engine Components\DAL;C:\Program Files\Intel\Intel(R) Management Engine Components\DAL;D:\Programs\py3-packages\bin;C:\Users\USER\AppData\L;C:\Users\USER\AppData\Local\Microsoft\WindowsApps;C:\Users\USER\AppData\Local\atom\bin;D:\Programs\Nmap;C:\Users\USER\AppData\Roaming\npm;C:\Users\USER\AppData\Local\Microsoft\WindowsApps;D:\Programs\bin;C:\Users\USER\go\bin

Yarn version: 
  1.22.17

Node version: 
  14.16.0

Platform: 
  win32 x64

Trace: 
  Error: https://registry.yarnpkg.com/styled-icons/-/styled-icons-9.5.0.tgz: ESOCKETTIMEDOUT
      at ClientRequest.<anonymous> (C:\Users\USER\AppData\Roaming\npm\node_modules\yarn\lib\cli.js:141510:19)
      at Object.onceWrapper (events.js:421:28)
      at ClientRequest.emit (events.js:315:20)
      at TLSSocket.emitRequestTimeout (_http_client.js:784:9)
      at Object.onceWrapper (events.js:421:28)
      at TLSSocket.emit (events.js:327:22)
      at TLSSocket.Socket._onTimeout (net.js:483:8)
      at listOnTimeout (internal/timers.js:554:17)
      at processTimers (internal/timers.js:497:7)

npm manifest: 
  {
    "name": "gatsby-gitbook-boilerplate",
    "private": true,
    "description": "Documentation, built with mdx",
    "author": "Praveen <praveen@hasura.io> (@praveenweb)",
    "version": "0.0.1",
    "dependencies": {
      "@babel/plugin-proposal-export-default-from": "^7.7.4",
      "@emotion/core": "^10.0.22",
      "@emotion/styled": "^10.0.23",
      "@emotion/styled-base": "^10.0.24",
      "@mdx-js/loader": "^1.5.1",
      "@mdx-js/mdx": "^1.5.1",
      "@mdx-js/react": "^1.5.1",
      "@philpl/buble": "^0.19.7",
      "@playlyfe/gql": "^2.6.2",
      "algoliasearch": "^3.35.1",
      "dotenv": "^8.2.0",
      "emotion": "^10.0.23",
      "emotion-server": "^10.0.17",
      "emotion-theming": "^10.0.19",
      "gatsby": "^2.18.10",
      "gatsby-link": "^2.2.27",
      "gatsby-plugin-algolia": "^0.5.0",
      "gatsby-plugin-emotion": "^4.1.18",
      "gatsby-plugin-gtag": "^1.0.12",
      "gatsby-plugin-layout": "^1.1.18",
      "gatsby-plugin-manifest": "^2.2.33",
      "gatsby-plugin-mdx": "^1.0.61",
      "gatsby-plugin-offline": "^3.0.29",
      "gatsby-plugin-react-helmet": "^3.1.18",
      "gatsby-plugin-remove-serviceworker": "^1.0.0",
      "gatsby-plugin-sharp": "^2.3.7",
      "gatsby-plugin-sitemap": "^2.2.24",
      "gatsby-remark-copy-linked-files": "^2.1.33",
      "gatsby-remark-images": "^3.1.37",
      "gatsby-remark-katex": "^4.1.0",
      "gatsby-source-filesystem": "^2.1.42",
      "gatsby-transformer-remark": "^2.6.42",
      "graphql": "^14.7.0",
      "is-absolute-url": "^3.0.3",
      "katex": "^0.13.0",
      "lodash.flatten": "^4.4.0",
      "lodash.startcase": "^4.4.0",
      "react": "^16.12.0",
      "react-dom": "^16.12.0",
      "react-feather": "^2.0.3",
      "react-flow-renderer": "^9.1.2",
      "react-github-btn": "^1.1.1",
      "react-helmet": "^5.2.1",
      "react-id-generator": "^3.0.0",
      "react-instantsearch-dom": "^6.0.0",
      "react-live": "^2.2.2",
      "react-loadable": "^5.5.0",
      "reflexbox": "^4.0.6",
      "sharp": "^0.27.2",
      "styled-components": "^4.4.1",
      "styled-icons": "^9.0.1"
    },
    "license": "MIT",
    "main": "n/a",
    "scripts": {
      "start": "gatsby develop",
      "build": "gatsby build --prefix-paths",
      "format": "prettier --write \"src/**/*.{js,jsx,css,json}\"",
      "lint": "eslint --fix \"src/**/*.{js,jsx}\""
    },
    "devDependencies": {
      "babel-eslint": "^10.1.0",
      "eslint": "^6.8.0",
      "eslint-config-prettier": "^6.10.0",
      "eslint-plugin-import": "^2.20.1",
      "eslint-plugin-jsx-a11y": "^6.2.3",
      "eslint-plugin-prettier": "^3.1.2",
      "eslint-plugin-react": "^7.19.0",
      "gatsby-plugin-remove-trailing-slashes": "^2.1.17",
      "prettier": "^1.19.1",
      "prism-react-renderer": "^1.0.2"
    }
  }

yarn manifest: 
  No manifest

Lockfile: 
  No lockfile
